<?xml version="1.0" encoding="UTF-8"?>
<!-- Generated by org.testng.reporters.JUnitReportReporter -->
<testsuite hostname="mounika" failures="0" tests="82" name="NewsappWeb.NewsAppWeb" time="755.037" errors="1" timestamp="2021-12-24T12:16:17 IST" skipped="0">
  <testcase classname="NewsappWeb.NewsAppWeb" name="TC_004" time="5.808"/>
  <system-out/>
  <testcase classname="NewsappWeb.NewsAppWeb" name="TC_054" time="14.735"/>
  <system-out/>
  <testcase classname="NewsappWeb.NewsAppWeb" name="TC_066" time="10.668"/>
  <system-out/>
  <testcase classname="NewsappWeb.NewsAppWeb" name="TC_001" time="4.539"/>
  <system-out/>
  <testcase classname="NewsappWeb.NewsAppWeb" name="TC_008" time="9.776"/>
  <system-out/>
  <testcase classname="NewsappWeb.NewsAppWeb" name="TC_064" time="10.169"/>
  <system-out/>
  <testcase classname="NewsappWeb.NewsAppWeb" name="TC_055" time="5.340"/>
  <system-out/>
  <testcase classname="NewsappWeb.NewsAppWeb" name="TC_013" time="3.487"/>
  <system-out/>
  <testcase classname="NewsappWeb.NewsAppWeb" name="TC_022" time="24.083"/>
  <system-out/>
  <testcase classname="NewsappWeb.NewsAppWeb" name="TC_053" time="14.692"/>
  <system-out/>
  <testcase classname="NewsappWeb.NewsAppWeb" name="TC_043" time="9.815"/>
  <system-out/>
  <testcase classname="NewsappWeb.NewsAppWeb" name="TC_041" time="11.887"/>
  <system-out/>
  <testcase classname="NewsappWeb.NewsAppWeb" name="TC_019" time="21.197"/>
  <system-out/>
  <testcase classname="NewsappWeb.NewsAppWeb" name="TC_078" time="5.198"/>
  <system-out/>
  <testcase classname="NewsappWeb.NewsAppWeb" name="TC_080" time="5.028"/>
  <system-out/>
  <testcase classname="NewsappWeb.NewsAppWeb" name="TC_036" time="5.244"/>
  <system-out/>
  <testcase classname="NewsappWeb.NewsAppWeb" name="TC_069" time="13.115"/>
  <system-out/>
  <testcase classname="NewsappWeb.NewsAppWeb" name="TC_032" time="7.715"/>
  <system-out/>
  <testcase classname="NewsappWeb.NewsAppWeb" name="TC_056" time="2.904"/>
  <system-out/>
  <testcase classname="NewsappWeb.NewsAppWeb" name="TC_037" time="5.529"/>
  <system-out/>
  <testcase classname="NewsappWeb.NewsAppWeb" name="TC_017" time="21.285"/>
  <system-out/>
  <testcase classname="NewsappWeb.NewsAppWeb" name="TC_014" time="4.691"/>
  <system-out/>
  <testcase classname="NewsappWeb.NewsAppWeb" name="TC_077" time="3.737"/>
  <system-out/>
  <testcase classname="NewsappWeb.NewsAppWeb" name="TC_075" time="6.274"/>
  <system-out/>
  <testcase classname="NewsappWeb.NewsAppWeb" name="TC_082" time="3.100"/>
  <system-out/>
  <testcase classname="NewsappWeb.NewsAppWeb" name="TC_044" time="12.175"/>
  <system-out/>
  <testcase classname="NewsappWeb.NewsAppWeb" name="TC_049" time="10.178"/>
  <system-out/>
  <testcase classname="NewsappWeb.NewsAppWeb" name="TC_048" time="8.097"/>
  <system-out/>
  <testcase classname="NewsappWeb.NewsAppWeb" name="TC_002" time="5.840"/>
  <system-out/>
  <testcase classname="NewsappWeb.NewsAppWeb" name="TC_003" time="5.901"/>
  <system-out/>
  <testcase classname="NewsappWeb.NewsAppWeb" name="TC_015" time="4.544"/>
  <system-out/>
  <testcase classname="NewsappWeb.NewsAppWeb" name="TC_079" time="6.779"/>
  <system-out/>
  <testcase classname="NewsappWeb.NewsAppWeb" name="TC_052" time="10.520"/>
  <system-out/>
  <testcase classname="NewsappWeb.NewsAppWeb" name="TC_067" time="6.899"/>
  <system-out/>
  <testcase classname="NewsappWeb.NewsAppWeb" name="TC_023" time="23.229"/>
  <system-out/>
  <testcase classname="NewsappWeb.NewsAppWeb" name="TC_059" time="10.277"/>
  <system-out/>
  <testcase classname="NewsappWeb.NewsAppWeb" name="TC_076" time="6.563"/>
  <system-out/>
  <testcase classname="NewsappWeb.NewsAppWeb" name="TC_045" time="7.044"/>
  <system-out/>
  <testcase classname="NewsappWeb.NewsAppWeb" name="TC_024" time="21.938"/>
  <system-out/>
  <testcase classname="NewsappWeb.NewsAppWeb" name="TC_062" time="2.854"/>
  <system-out/>
  <testcase classname="NewsappWeb.NewsAppWeb" name="TC_011" time="11.172"/>
  <system-out/>
  <testcase classname="NewsappWeb.NewsAppWeb" name="TC_010" time="8.786"/>
  <system-out/>
  <testcase classname="NewsappWeb.NewsAppWeb" name="TC_071" time="13.187"/>
  <system-out/>
  <testcase classname="NewsappWeb.NewsAppWeb" name="TC_029" time="5.019"/>
  <system-out/>
  <testcase classname="NewsappWeb.NewsAppWeb" name="TC_051" time="5.202"/>
  <system-out/>
  <testcase classname="NewsappWeb.NewsAppWeb" name="TC_012" time="10.938"/>
  <system-out/>
  <testcase classname="NewsappWeb.NewsAppWeb" name="TC_020" time="23.649"/>
  <system-out/>
  <testcase classname="NewsappWeb.NewsAppWeb" name="TC_040" time="3.344"/>
  <system-out/>
  <testcase classname="NewsappWeb.NewsAppWeb" name="TC_057" time="10.350"/>
  <system-out/>
  <testcase classname="NewsappWeb.NewsAppWeb" name="TC_030" time="4.998"/>
  <system-out/>
  <testcase classname="NewsappWeb.NewsAppWeb" name="TC_047" time="7.877"/>
  <system-out/>
  <testcase classname="NewsappWeb.NewsAppWeb" name="TC_035" time="2.763"/>
  <system-out/>
  <testcase classname="NewsappWeb.NewsAppWeb" name="TC_063" time="10.233"/>
  <system-out/>
  <testcase classname="NewsappWeb.NewsAppWeb" name="TC_074" time="2.575"/>
  <system-out/>
  <testcase classname="NewsappWeb.NewsAppWeb" name="TC_039" time="4.609"/>
  <system-out/>
  <testcase classname="NewsappWeb.NewsAppWeb" name="TC_068" time="2.997"/>
  <system-out/>
  <testcase classname="NewsappWeb.NewsAppWeb" name="TC_081" time="5.011"/>
  <system-out/>
  <testcase classname="NewsappWeb.NewsAppWeb" name="TC_026" time="6.922"/>
  <system-out/>
  <testcase classname="NewsappWeb.NewsAppWeb" name="TC_016" time="18.625"/>
  <system-out/>
  <testcase classname="NewsappWeb.NewsAppWeb" name="TC_033" time="7.533"/>
  <system-out/>
  <testcase classname="NewsappWeb.NewsAppWeb" name="TC_034" time="7.552"/>
  <system-out/>
  <testcase classname="NewsappWeb.NewsAppWeb" name="TC_007" time="9.751"/>
  <system-out/>
  <testcase classname="NewsappWeb.NewsAppWeb" name="TC_031" time="3.165"/>
  <system-out/>
  <testcase classname="NewsappWeb.NewsAppWeb" name="TC_042" time="11.870"/>
  <system-out/>
  <testcase classname="NewsappWeb.NewsAppWeb" name="TC_046" time="2.864"/>
  <system-out/>
  <testcase classname="NewsappWeb.NewsAppWeb" name="TC_005" time="5.762"/>
  <system-out/>
  <testcase classname="NewsappWeb.NewsAppWeb" name="TC_072" time="13.242"/>
  <system-out/>
  <testcase classname="NewsappWeb.NewsAppWeb" name="TC_025" time="21.955"/>
  <system-out/>
  <testcase classname="NewsappWeb.NewsAppWeb" name="TC_006" time="5.687"/>
  <system-out/>
  <testcase classname="NewsappWeb.NewsAppWeb" name="TC_038" time="5.579"/>
  <system-out/>
  <testcase classname="NewsappWeb.NewsAppWeb" name="TC_028" time="4.482">
    <error message="stale element reference: element is not attached to the page document
  (Session info: chrome=95.0.4638.69)
For documentation on this error, please visit: https://www.seleniumhq.org/exceptions/stale_element_reference.html
Build info: version: &#039;3.141.59&#039;, revision: &#039;e82be7d358&#039;, time: &#039;2018-11-14T08:17:03&#039;
System info: host: &#039;mounika&#039;, ip: &#039;127.0.1.1&#039;, os.name: &#039;Linux&#039;, os.arch: &#039;amd64&#039;, os.version: &#039;5.4.0-91-generic&#039;, java.version: &#039;17.0.1&#039;
Driver info: org.openqa.selenium.chrome.ChromeDriver
Capabilities {acceptInsecureCerts: false, browserName: chrome, browserVersion: 95.0.4638.69, chrome: {chromedriverVersion: 95.0.4638.69 (6a1600ed572fe..., userDataDir: /tmp/.com.google.Chrome.xJGnFQ}, goog:chromeOptions: {debuggerAddress: localhost:40147}, javascriptEnabled: true, networkConnectionEnabled: false, pageLoadStrategy: normal, platform: LINUX, platformName: LINUX, proxy: Proxy(), setWindowRect: true, strictFileInteractability: false, timeouts: {implicit: 0, pageLoad: 300000, script: 30000}, unhandledPromptBehavior: dismiss and notify, webauthn:extension:credBlob: true, webauthn:extension:largeBlob: true, webauthn:virtualAuthenticators: true}
Session ID: 74d6d513f604bc54b7000f821d747ca3" type="org.openqa.selenium.StaleElementReferenceException">
      <![CDATA[org.openqa.selenium.StaleElementReferenceException: stale element reference: element is not attached to the page document
  (Session info: chrome=95.0.4638.69)
For documentation on this error, please visit: https://www.seleniumhq.org/exceptions/stale_element_reference.html
Build info: version: '3.141.59', revision: 'e82be7d358', time: '2018-11-14T08:17:03'
System info: host: 'mounika', ip: '127.0.1.1', os.name: 'Linux', os.arch: 'amd64', os.version: '5.4.0-91-generic', java.version: '17.0.1'
Driver info: org.openqa.selenium.chrome.ChromeDriver
Capabilities {acceptInsecureCerts: false, browserName: chrome, browserVersion: 95.0.4638.69, chrome: {chromedriverVersion: 95.0.4638.69 (6a1600ed572fe..., userDataDir: /tmp/.com.google.Chrome.xJGnFQ}, goog:chromeOptions: {debuggerAddress: localhost:40147}, javascriptEnabled: true, networkConnectionEnabled: false, pageLoadStrategy: normal, platform: LINUX, platformName: LINUX, proxy: Proxy(), setWindowRect: true, strictFileInteractability: false, timeouts: {implicit: 0, pageLoad: 300000, script: 30000}, unhandledPromptBehavior: dismiss and notify, webauthn:extension:credBlob: true, webauthn:extension:largeBlob: true, webauthn:virtualAuthenticators: true}
Session ID: 74d6d513f604bc54b7000f821d747ca3
at java.base/jdk.internal.reflect.NativeConstructorAccessorImpl.newInstance0(Native Method)
at java.base/jdk.internal.reflect.NativeConstructorAccessorImpl.newInstance(NativeConstructorAccessorImpl.java:77)
at java.base/jdk.internal.reflect.DelegatingConstructorAccessorImpl.newInstance(DelegatingConstructorAccessorImpl.java:45)
at java.base/java.lang.reflect.Constructor.newInstanceWithCaller(Constructor.java:499)
at java.base/java.lang.reflect.Constructor.newInstance(Constructor.java:480)
at org.openqa.selenium.remote.http.W3CHttpResponseCodec.createException(W3CHttpResponseCodec.java:187)
at org.openqa.selenium.remote.http.W3CHttpResponseCodec.decode(W3CHttpResponseCodec.java:122)
at org.openqa.selenium.remote.http.W3CHttpResponseCodec.decode(W3CHttpResponseCodec.java:49)
at org.openqa.selenium.remote.HttpCommandExecutor.execute(HttpCommandExecutor.java:158)
at org.openqa.selenium.remote.service.DriverCommandExecutor.execute(DriverCommandExecutor.java:83)
at org.openqa.selenium.remote.RemoteWebDriver.execute(RemoteWebDriver.java:552)
at org.openqa.selenium.remote.RemoteWebElement.execute(RemoteWebElement.java:285)
at org.openqa.selenium.remote.RemoteWebElement.click(RemoteWebElement.java:84)
at NewsappWeb.NewsAppWeb.TC_028(NewsAppWeb.java:2711)
at java.base/jdk.internal.reflect.NativeMethodAccessorImpl.invoke0(Native Method)
at java.base/jdk.internal.reflect.NativeMethodAccessorImpl.invoke(NativeMethodAccessorImpl.java:77)
at java.base/jdk.internal.reflect.DelegatingMethodAccessorImpl.invoke(DelegatingMethodAccessorImpl.java:43)
at java.base/java.lang.reflect.Method.invoke(Method.java:568)
at org.testng.internal.MethodInvocationHelper.invokeMethod(MethodInvocationHelper.java:133)
at org.testng.internal.TestInvoker.invokeMethod(TestInvoker.java:598)
at org.testng.internal.TestInvoker.invokeTestMethod(TestInvoker.java:173)
at org.testng.internal.MethodRunner.runInSequence(MethodRunner.java:46)
at org.testng.internal.TestInvoker$MethodInvocationAgent.invoke(TestInvoker.java:824)
at org.testng.internal.TestInvoker.invokeTestMethods(TestInvoker.java:146)
at org.testng.internal.TestMethodWorker.invokeTestMethods(TestMethodWorker.java:146)
at org.testng.internal.TestMethodWorker.run(TestMethodWorker.java:128)
at java.base/java.util.ArrayList.forEach(ArrayList.java:1511)
at org.testng.TestRunner.privateRun(TestRunner.java:794)
at org.testng.TestRunner.run(TestRunner.java:596)
at org.testng.SuiteRunner.runTest(SuiteRunner.java:377)
at org.testng.SuiteRunner.runSequentially(SuiteRunner.java:371)
at org.testng.SuiteRunner.privateRun(SuiteRunner.java:332)
at org.testng.SuiteRunner.run(SuiteRunner.java:276)
at org.testng.SuiteRunnerWorker.runSuite(SuiteRunnerWorker.java:53)
at org.testng.SuiteRunnerWorker.run(SuiteRunnerWorker.java:96)
at org.testng.TestNG.runSuitesSequentially(TestNG.java:1212)
at org.testng.TestNG.runSuitesLocally(TestNG.java:1134)
at org.testng.TestNG.runSuites(TestNG.java:1063)
at org.testng.TestNG.run(TestNG.java:1031)
at org.testng.remote.AbstractRemoteTestNG.run(AbstractRemoteTestNG.java:115)
at org.testng.remote.RemoteTestNG.initAndRun(RemoteTestNG.java:251)
at org.testng.remote.RemoteTestNG.main(RemoteTestNG.java:77)
]]>
    </error>
  </testcase> <!-- TC_028 -->
  <system-out/>
  <testcase classname="NewsappWeb.NewsAppWeb" name="TC_018" time="21.339"/>
  <system-out/>
  <testcase classname="NewsappWeb.NewsAppWeb" name="TC_058" time="10.204"/>
  <system-out/>
  <testcase classname="NewsappWeb.NewsAppWeb" name="TC_065" time="10.401"/>
  <system-out/>
  <testcase classname="NewsappWeb.NewsAppWeb" name="TC_009" time="4.922"/>
  <system-out/>
  <testcase classname="NewsappWeb.NewsAppWeb" name="TC_070" time="13.310"/>
  <system-out/>
  <testcase classname="NewsappWeb.NewsAppWeb" name="TC_060" time="10.378"/>
  <system-out/>
  <testcase classname="NewsappWeb.NewsAppWeb" name="TC_050" time="6.753"/>
  <system-out/>
  <testcase classname="NewsappWeb.NewsAppWeb" name="TC_021" time="26.186"/>
  <system-out/>
  <testcase classname="NewsappWeb.NewsAppWeb" name="TC_061" time="6.886"/>
  <system-out/>
  <testcase classname="NewsappWeb.NewsAppWeb" name="TC_073" time="7.000"/>
  <system-out/>
  <testcase classname="NewsappWeb.NewsAppWeb" name="TC_027" time="7.105"/>
  <system-out/>
</testsuite> <!-- NewsappWeb.NewsAppWeb -->
